mode: atomic
hello-api/main.go:15.13,30.12 6 0
hello-api/main.go:30.12,32.80 2 0
hello-api/main.go:32.80,34.4 1 0
hello-api/main.go:37.2,46.45 7 0
hello-api/main.go:46.45,48.3 1 0
hello-api/main.go:50.2,50.39 1 0
hello-api/main.go:72.59,75.18 2 11
hello-api/main.go:76.23,78.40 2 6
hello-api/main.go:78.40,81.4 2 1
hello-api/main.go:83.3,89.46 5 5
hello-api/main.go:89.46,92.4 2 2
hello-api/main.go:94.3,94.18 1 3
hello-api/main.go:95.10,96.35 1 5
hello-api/main.go:99.2,99.16 1 8
hello-api/main.go:99.16,101.3 1 5
hello-api/main.go:103.2,109.56 5 8
hello-api/main.go:109.56,113.3 3 0
hello-api/main.go:116.60,122.56 4 1
hello-api/main.go:122.56,126.3 3 0
hello-api/main.go:129.90,138.59 4 4
hello-api/main.go:138.59,141.3 2 0
hello-api/main.go:144.76,145.71 1 2
hello-api/main.go:145.71,154.16 4 2
hello-api/main.go:154.16,155.36 1 2
hello-api/main.go:155.36,158.5 2 1
hello-api/main.go:161.3,164.105 3 2
hello-api/main.go:173.49,176.2 2 1
